  Config.cpp
  Game.cpp
  SdlAudio.cpp
  Controller.cpp
  Animation.cpp
  Fade.cpp
  SDLGraphics.cpp
  Sprite.cpp
  SpriteSheet.cpp
  UIBox.cpp
  UIChoice.cpp
  UIHorizontalBox.cpp
  UIImage.cpp
  UIPanel.cpp
  UIProgress.cpp
  UISeparator.cpp
  UIText.cpp
  UITextbox.cpp
  UIVerticalBox.cpp
  SDLInputs.cpp
  FileLogger.cpp
  Generating Code...
  Compiling...
  ILogger.cpp
  OutputLogger.cpp
  EntityGrid.cpp
  MapTransform.cpp
  ObjectLayer.cpp
  TileLayer.cpp
  Tilemap.cpp
  Tileset.cpp
  MathUtils.cpp
  Tween.cpp
  Packer.cpp
  MapPropertyCollection.cpp
  Property.cpp
  PropertyCollection.cpp
  PakResources.cpp
  BufferedFile.cpp
  SaveGame.cpp
  Camera.cpp
  Character.cpp
  Entity.cpp
  Generating Code...
  Compiling...
  GameWorld.cpp
  ScreenStateMachine.cpp
  StackCommands.cpp
  AttributeSet.cpp
  CharacterDefinition.cpp
  FloatModifier.cpp
  CaptionState.cpp
  FadeEvent.cpp
  FadeInEvent.cpp
  FadeOutEvent.cpp
  StoryScreenState.cpp
  StoryState.cpp
  TimedTextboxEvent.cpp
  WaitEvent.cpp
  WaitStateEvent.cpp
  Trigger.cpp
  Checks.cpp
  StateStack.cpp
  StateStackCommands.cpp
  Utils.cpp
  Generating Code...
  Compiling...
  tinyxml2.cpp
  Generating Code...
  game-library.vcxproj -> D:\Repos\arkanoid-remake\binaries\game-library\Debug\game-library.lib
